Compiling the C compiler identification source file "CMakeCCompilerId.c" failed.
Compiler: /usr/bin/gcc-9 
Build flags: 
Id flags:  

The output was:
No such file or directory


Compiling the C compiler identification source file "CMakeCCompilerId.c" failed.
Compiler: /usr/bin/gcc-9 
Build flags: 
Id flags: -c 

The output was:
No such file or directory


Compiling the C compiler identification source file "CMakeCCompilerId.c" failed.
Compiler: /usr/bin/gcc-9 
Build flags: 
Id flags: -Aa 

The output was:
No such file or directory


Compiling the C compiler identification source file "CMakeCCompilerId.c" failed.
Compiler: /usr/bin/gcc-9 
Build flags: 
Id flags: -D__CLASSIC_C__ 

The output was:
No such file or directory


Compiling the C compiler identification source file "CMakeCCompilerId.c" failed.
Compiler: /usr/bin/gcc-9 
Build flags: 
Id flags:  

The output was:
No such file or directory


Compiling the C compiler identification source file "CMakeCCompilerId.c" failed.
Compiler: /usr/bin/gcc-9 
Build flags: 
Id flags: -c 

The output was:
No such file or directory


Compiling the C compiler identification source file "CMakeCCompilerId.c" failed.
Compiler: /usr/bin/gcc-9 
Build flags: 
Id flags: -Aa 

The output was:
No such file or directory


Compiling the C compiler identification source file "CMakeCCompilerId.c" failed.
Compiler: /usr/bin/gcc-9 
Build flags: 
Id flags: -D__CLASSIC_C__ 

The output was:
No such file or directory


Checking whether the C compiler is IAR using "" did not match "IAR .+ Compiler":
Checking whether the C compiler is IAR using "" did not match "IAR .+ Compiler":
Compiling the CXX compiler identification source file "CMakeCXXCompilerId.cpp" failed.
Compiler: /usr/bin/g++-9 
Build flags: 
Id flags:  

The output was:
No such file or directory


Compiling the CXX compiler identification source file "CMakeCXXCompilerId.cpp" failed.
Compiler: /usr/bin/g++-9 
Build flags: 
Id flags: -c 

The output was:
No such file or directory


Compiling the CXX compiler identification source file "CMakeCXXCompilerId.cpp" failed.
Compiler: /usr/bin/g++-9 
Build flags: 
Id flags: --c++ 

The output was:
No such file or directory


Compiling the CXX compiler identification source file "CMakeCXXCompilerId.cpp" failed.
Compiler: /usr/bin/g++-9 
Build flags: 
Id flags: --ec++ 

The output was:
No such file or directory


Compiling the CXX compiler identification source file "CMakeCXXCompilerId.cpp" failed.
Compiler: /usr/bin/g++-9 
Build flags: 
Id flags:  

The output was:
No such file or directory


Compiling the CXX compiler identification source file "CMakeCXXCompilerId.cpp" failed.
Compiler: /usr/bin/g++-9 
Build flags: 
Id flags: -c 

The output was:
No such file or directory


Compiling the CXX compiler identification source file "CMakeCXXCompilerId.cpp" failed.
Compiler: /usr/bin/g++-9 
Build flags: 
Id flags: --c++ 

The output was:
No such file or directory


Compiling the CXX compiler identification source file "CMakeCXXCompilerId.cpp" failed.
Compiler: /usr/bin/g++-9 
Build flags: 
Id flags: --ec++ 

The output was:
No such file or directory


Checking whether the CXX compiler is IAR using "" did not match "IAR .+ Compiler":
Checking whether the CXX compiler is IAR using "" did not match "IAR .+ Compiler":
Determining if the pthread_create exist failed with the following output:
Change Dir: /mnt/d/University-Work/University-Work-SEM-05/OS-Lab/Lab05/using_mutex/build/CMakeFiles/CMakeTmp

Run Build Command:"/usr/bin/make" "cmTC_89b5d/fast"
/usr/bin/make -f CMakeFiles/cmTC_89b5d.dir/build.make CMakeFiles/cmTC_89b5d.dir/build
make[1]: Entering directory '/mnt/d/University-Work/University-Work-SEM-05/OS-Lab/Lab05/using_mutex/build/CMakeFiles/CMakeTmp'
Building C object CMakeFiles/cmTC_89b5d.dir/CheckSymbolExists.c.o
/usr/bin/gcc-9    -o CMakeFiles/cmTC_89b5d.dir/CheckSymbolExists.c.o   -c /mnt/d/University-Work/University-Work-SEM-05/OS-Lab/Lab05/using_mutex/build/CMakeFiles/CMakeTmp/CheckSymbolExists.c
Linking C executable cmTC_89b5d
/usr/bin/cmake -E cmake_link_script CMakeFiles/cmTC_89b5d.dir/link.txt --verbose=1
/usr/bin/gcc-9      CMakeFiles/cmTC_89b5d.dir/CheckSymbolExists.c.o  -o cmTC_89b5d 
CMakeFiles/cmTC_89b5d.dir/CheckSymbolExists.c.o: In function `main':
CheckSymbolExists.c:(.text+0x1b): undefined reference to `pthread_create'
collect2: error: ld returned 1 exit status
CMakeFiles/cmTC_89b5d.dir/build.make:97: recipe for target 'cmTC_89b5d' failed
make[1]: *** [cmTC_89b5d] Error 1
make[1]: Leaving directory '/mnt/d/University-Work/University-Work-SEM-05/OS-Lab/Lab05/using_mutex/build/CMakeFiles/CMakeTmp'
Makefile:126: recipe for target 'cmTC_89b5d/fast' failed
make: *** [cmTC_89b5d/fast] Error 2

File /mnt/d/University-Work/University-Work-SEM-05/OS-Lab/Lab05/using_mutex/build/CMakeFiles/CMakeTmp/CheckSymbolExists.c:
/* */
#include <pthread.h>

int main(int argc, char** argv)
{
  (void)argv;
#ifndef pthread_create
  return ((int*)(&pthread_create))[argc];
#else
  (void)argc;
  return 0;
#endif
}

