Determining if the pthread_create exist failed with the following output:
Change Dir: /mnt/d/University-Work/University-Work-SEM-05/OS-Lab/Lab05/using_semaphore/build/CMakeFiles/CMakeTmp

Run Build Command:"/usr/bin/make" "cmTC_c5377/fast"
/usr/bin/make -f CMakeFiles/cmTC_c5377.dir/build.make CMakeFiles/cmTC_c5377.dir/build
make[1]: Entering directory '/mnt/d/University-Work/University-Work-SEM-05/OS-Lab/Lab05/using_semaphore/build/CMakeFiles/CMakeTmp'
Building C object CMakeFiles/cmTC_c5377.dir/CheckSymbolExists.c.o
/usr/bin/gcc-9    -o CMakeFiles/cmTC_c5377.dir/CheckSymbolExists.c.o   -c /mnt/d/University-Work/University-Work-SEM-05/OS-Lab/Lab05/using_semaphore/build/CMakeFiles/CMakeTmp/CheckSymbolExists.c
Linking C executable cmTC_c5377
/usr/bin/cmake -E cmake_link_script CMakeFiles/cmTC_c5377.dir/link.txt --verbose=1
/usr/bin/gcc-9      -rdynamic CMakeFiles/cmTC_c5377.dir/CheckSymbolExists.c.o  -o cmTC_c5377 
CMakeFiles/cmTC_c5377.dir/CheckSymbolExists.c.o: In function `main':
CheckSymbolExists.c:(.text+0x1b): undefined reference to `pthread_create'
collect2: error: ld returned 1 exit status
CMakeFiles/cmTC_c5377.dir/build.make:97: recipe for target 'cmTC_c5377' failed
make[1]: *** [cmTC_c5377] Error 1
make[1]: Leaving directory '/mnt/d/University-Work/University-Work-SEM-05/OS-Lab/Lab05/using_semaphore/build/CMakeFiles/CMakeTmp'
Makefile:126: recipe for target 'cmTC_c5377/fast' failed
make: *** [cmTC_c5377/fast] Error 2

File /mnt/d/University-Work/University-Work-SEM-05/OS-Lab/Lab05/using_semaphore/build/CMakeFiles/CMakeTmp/CheckSymbolExists.c:
/* */
#include <pthread.h>

int main(int argc, char** argv)
{
  (void)argv;
#ifndef pthread_create
  return ((int*)(&pthread_create))[argc];
#else
  (void)argc;
  return 0;
#endif
}

